This file contains any messages produced by compilers while
running configure, to aid debugging if configure makes a mistake.

It was created by configure, which was
generated by GNU Autoconf 2.69.  Invocation command line was

  $ ./configure --enable-taglib

## --------- ##
## Platform. ##
## --------- ##

hostname = chopstick
uname -m = i686
uname -r = 3.2.0-4-686-pae
uname -s = Linux
uname -v = #1 SMP Debian 3.2.65-1+deb7u2

/usr/bin/uname -p = unknown
/bin/uname -X     = unknown

/bin/arch              = unknown
/usr/bin/arch -k       = unknown
/usr/convex/getsysinfo = unknown
/usr/bin/hostinfo      = unknown
/bin/machine           = unknown
/usr/bin/oslevel       = unknown
/bin/universe          = unknown

PATH: /usr/local/bin
PATH: /usr/bin
PATH: /bin
PATH: /usr/local/games
PATH: /usr/games


## ----------- ##
## Core tests. ##
## ----------- ##

configure:2294: checking for grep that handles long lines and -e
configure:2352: result: /bin/grep
configure:2357: checking for egrep
configure:2419: result: /bin/grep -E
configure:2424: checking for a sed that does not truncate output
configure:2478: result: /bin/sed
configure:2610: checking for cc
configure:2626: found /usr/bin/cc
configure:2637: result: cc
configure:2668: checking for C compiler version
configure:2677: cc --version >&5
cc (Debian 4.9.1-19) 4.9.1
Copyright (C) 2014 Free Software Foundation, Inc.
This is free software; see the source for copying conditions.  There is NO
warranty; not even for MERCHANTABILITY or FITNESS FOR A PARTICULAR PURPOSE.

configure:2688: $? = 0
configure:2677: cc -v >&5
Using built-in specs.
COLLECT_GCC=cc
COLLECT_LTO_WRAPPER=/usr/lib/gcc/i586-linux-gnu/4.9/lto-wrapper
Target: i586-linux-gnu
Configured with: ../src/configure -v --with-pkgversion='Debian 4.9.1-19' --with-bugurl=file:///usr/share/doc/gcc-4.9/README.Bugs --enable-languages=c,c++,java,go,d,fortran,objc,obj-c++ --prefix=/usr --program-suffix=-4.9 --enable-shared --enable-linker-build-id --libexecdir=/usr/lib --without-included-gettext --enable-threads=posix --with-gxx-include-dir=/usr/include/c++/4.9 --libdir=/usr/lib --enable-nls --with-sysroot=/ --enable-clocale=gnu --enable-libstdcxx-debug --enable-libstdcxx-time=yes --enable-gnu-unique-object --disable-vtable-verify --enable-plugin --with-system-zlib --disable-browser-plugin --enable-java-awt=gtk --enable-gtk-cairo --with-java-home=/usr/lib/jvm/java-1.5.0-gcj-4.9-i386/jre --enable-java-home --with-jvm-root-dir=/usr/lib/jvm/java-1.5.0-gcj-4.9-i386 --with-jvm-jar-dir=/usr/lib/jvm-exports/java-1.5.0-gcj-4.9-i386 --with-arch-directory=i386 --with-ecj-jar=/usr/share/java/eclipse-ecj.jar --enable-objc-gc --enable-targets=all --enable-multiarch --with-arch-32=i586 --with-multilib-list=m32,m64,mx32 --enable-multilib --with-tune=generic --enable-checking=release --build=i586-linux-gnu --host=i586-linux-gnu --target=i586-linux-gnu
Thread model: posix
gcc version 4.9.1 (Debian 4.9.1-19) 
configure:2688: $? = 0
configure:2677: cc -V >&5
cc: error: unrecognized command line option '-V'
cc: fatal error: no input files
compilation terminated.
configure:2688: $? = 4
configure:2677: cc -qversion >&5
cc: error: unrecognized command line option '-qversion'
cc: fatal error: no input files
compilation terminated.
configure:2688: $? = 4
configure:2708: checking whether the C compiler works
configure:2730: cc    conftest.c  >&5
configure:2734: $? = 0
configure:2782: result: yes
configure:2785: checking for C compiler default output file name
configure:2787: result: a.out
configure:2793: checking for suffix of executables
configure:2800: cc -o conftest    conftest.c  >&5
configure:2804: $? = 0
configure:2826: result: 
configure:2848: checking whether we are cross compiling
configure:2856: cc -o conftest    conftest.c  >&5
configure:2860: $? = 0
configure:2867: ./conftest
configure:2871: $? = 0
configure:2886: result: no
configure:2891: checking for suffix of object files
configure:2913: cc -c   conftest.c >&5
configure:2917: $? = 0
configure:2938: result: o
configure:2942: checking whether we are using the GNU C compiler
configure:2961: cc -c   conftest.c >&5
configure:2961: $? = 0
configure:2970: result: yes
configure:2979: checking whether cc accepts -g
configure:2999: cc -c -g  conftest.c >&5
configure:2999: $? = 0
configure:3040: result: yes
configure:3057: checking for cc option to accept ISO C89
configure:3120: cc  -c -g -O2  conftest.c >&5
configure:3120: $? = 0
configure:3133: result: none needed
configure:3159: checking how to run the C preprocessor
configure:3190: cc -E  conftest.c
configure:3190: $? = 0
configure:3204: cc -E  conftest.c
conftest.c:9:28: fatal error: ac_nonexistent.h: No such file or directory
 #include <ac_nonexistent.h>
                            ^
compilation terminated.
configure:3204: $? = 1
configure: failed program was:
| /* confdefs.h */
| #define PACKAGE_NAME ""
| #define PACKAGE_TARNAME ""
| #define PACKAGE_VERSION ""
| #define PACKAGE_STRING ""
| #define PACKAGE_BUGREPORT ""
| #define PACKAGE_URL ""
| /* end confdefs.h.  */
| #include <ac_nonexistent.h>
configure:3229: result: cc -E
configure:3249: cc -E  conftest.c
configure:3249: $? = 0
configure:3263: cc -E  conftest.c
conftest.c:9:28: fatal error: ac_nonexistent.h: No such file or directory
 #include <ac_nonexistent.h>
                            ^
compilation terminated.
configure:3263: $? = 1
configure: failed program was:
| /* confdefs.h */
| #define PACKAGE_NAME ""
| #define PACKAGE_TARNAME ""
| #define PACKAGE_VERSION ""
| #define PACKAGE_STRING ""
| #define PACKAGE_BUGREPORT ""
| #define PACKAGE_URL ""
| /* end confdefs.h.  */
| #include <ac_nonexistent.h>
configure:3294: checking for icc
configure:3303: result: no
configure:3317: checking for suncc
configure:3326: result: no
configure:3344: checking whether cc understands -c and -o together
configure:3372: cc -c conftest.c -o conftest2.o >&5
configure:3376: $? = 0
configure:3382: cc -c conftest.c -o conftest2.o >&5
configure:3386: $? = 0
configure:3441: result: yes
configure:3455: checking for system library directory
configure:3470: result: lib
configure:3477: checking if compiler supports -R
configure:3496: cc -o conftest -g -O2   conftest.c -R /usr/lib  >&5
cc: error: unrecognized command line option '-R'
configure:3496: $? = 1
configure: failed program was:
| /* confdefs.h */
| #define PACKAGE_NAME ""
| #define PACKAGE_TARNAME ""
| #define PACKAGE_VERSION ""
| #define PACKAGE_STRING ""
| #define PACKAGE_BUGREPORT ""
| #define PACKAGE_URL ""
| /* end confdefs.h.  */
| 
| int
| main ()
| {
| 
|   ;
|   return 0;
| }
configure:3506: result: no
configure:3511: checking if compiler supports -Wl,-rpath,
configure:3530: cc -o conftest -g -O2   conftest.c -Wl,-rpath,/usr/lib  >&5
configure:3530: $? = 0
configure:3540: result: yes
configure:3585: checking build system type
configure:3599: result: i686-pc-linux-gnu
configure:3619: checking host system type
configure:3632: result: i686-pc-linux-gnu
configure:3652: checking target system type
configure:3665: result: i686-pc-linux-gnu
configure:3768: checking for PHP prefix
configure:3770: result: /usr/local
configure:3772: checking for PHP includes
configure:3774: result: -I/usr/local/include/php -I/usr/local/include/php/main -I/usr/local/include/php/TSRM -I/usr/local/include/php/Zend -I/usr/local/include/php/ext -I/usr/local/include/php/ext/date/lib
configure:3776: checking for PHP extension directory
configure:3778: result: /usr/local/lib/php/extensions/debug-non-zts-20131226
configure:3780: checking for PHP installed headers prefix
configure:3782: result: /usr/local/include/php
configure:3785: checking if debug is enabled
configure:3811: result: yes
configure:3814: checking if zts is enabled
configure:3840: result: yes
configure:3911: checking for re2c
configure:3941: result: no
configure:3966: WARNING: You will need re2c 0.13.4 or later if you want to regenerate PHP parsers.
configure:3980: checking for gawk
configure:4011: result: no
configure:3980: checking for nawk
configure:3997: found /usr/bin/nawk
configure:4008: result: nawk
configure:4031: checking if nawk is broken
configure:4038: result: no
configure:4051: checking Whether to enable the "taglib" extension
configure:4090: result: yes, shared
configure:4488: checking for ld used by cc
configure:4555: result: /usr/bin/ld
configure:4562: checking if the linker (/usr/bin/ld) is GNU ld
configure:4577: result: yes
configure:4582: checking for /usr/bin/ld option to reload object files
configure:4589: result: -r
configure:4607: checking for BSD-compatible nm
configure:4656: result: /usr/bin/nm -B
configure:4660: checking whether ln -s works
configure:4664: result: yes
configure:4671: checking how to recognize dependent libraries
configure:4857: result: pass_all
configure:5075: checking for ANSI C header files
configure:5095: cc -c -g  -O0  conftest.c >&5
configure:5095: $? = 0
configure:5168: cc -o conftest -g  -O0   conftest.c  >&5
configure:5168: $? = 0
configure:5168: ./conftest
configure:5168: $? = 0
configure:5179: result: yes
configure:5192: checking for sys/types.h
configure:5192: cc -c -g  -O0  conftest.c >&5
configure:5192: $? = 0
configure:5192: result: yes
configure:5192: checking for sys/stat.h
configure:5192: cc -c -g  -O0  conftest.c >&5
configure:5192: $? = 0
configure:5192: result: yes
configure:5192: checking for stdlib.h
configure:5192: cc -c -g  -O0  conftest.c >&5
configure:5192: $? = 0
configure:5192: result: yes
configure:5192: checking for string.h
configure:5192: cc -c -g  -O0  conftest.c >&5
configure:5192: $? = 0
configure:5192: result: yes
configure:5192: checking for memory.h
configure:5192: cc -c -g  -O0  conftest.c >&5
configure:5192: $? = 0
configure:5192: result: yes
configure:5192: checking for strings.h
configure:5192: cc -c -g  -O0  conftest.c >&5
configure:5192: $? = 0
configure:5192: result: yes
configure:5192: checking for inttypes.h
configure:5192: cc -c -g  -O0  conftest.c >&5
configure:5192: $? = 0
configure:5192: result: yes
configure:5192: checking for stdint.h
configure:5192: cc -c -g  -O0  conftest.c >&5
configure:5192: $? = 0
configure:5192: result: yes
configure:5192: checking for unistd.h
configure:5192: cc -c -g  -O0  conftest.c >&5
configure:5192: $? = 0
configure:5192: result: yes
configure:5206: checking dlfcn.h usability
configure:5206: cc -c -g  -O0  conftest.c >&5
configure:5206: $? = 0
configure:5206: result: yes
configure:5206: checking dlfcn.h presence
configure:5206: cc -E  conftest.c
configure:5206: $? = 0
configure:5206: result: yes
configure:5206: checking for dlfcn.h
configure:5206: result: yes
configure:5228: checking the maximum length of command line arguments
configure:5340: result: 1572864
configure:5352: checking command to parse /usr/bin/nm -B output from cc object
configure:5457: cc -c -g  -O0  conftest.c >&5
configure:5460: $? = 0
configure:5464: /usr/bin/nm -B conftest.o \| sed -n -e 's/^.*[ 	]\([ABCDGIRSTW][ABCDGIRSTW]*\)[ 	][ 	]*\([_A-Za-z][_A-Za-z0-9]*\)$/\1 \2 \2/p' \> conftest.nm
configure:5467: $? = 0
configure:5519: cc -o conftest -g  -O0   conftest.c conftstm.o >&5
configure:5522: $? = 0
configure:5560: result: ok
configure:5564: checking for objdir
configure:5579: result: .libs
configure:5671: checking for ar
configure:5687: found /usr/bin/ar
configure:5698: result: ar
configure:5763: checking for ranlib
configure:5779: found /usr/bin/ranlib
configure:5790: result: ranlib
configure:5855: checking for strip
configure:5871: found /usr/bin/strip
configure:5882: result: strip
configure:6451: checking if cc supports -fno-rtti -fno-exceptions
configure:6469: cc -c -g  -O0  -fno-rtti -fno-exceptions conftest.c >&5
cc1: warning: command line option '-fno-rtti' is valid for C++/ObjC++ but not for C
configure:6473: $? = 0
configure:6486: result: no
configure:6501: checking for cc option to produce PIC
configure:6741: result: -fPIC
configure:6749: checking if cc PIC flag -fPIC works
configure:6767: cc -c -g  -O0  -fPIC -DPIC conftest.c >&5
configure:6771: $? = 0
configure:6784: result: yes
configure:6812: checking if cc static flag -static works
configure:6840: result: yes
configure:6850: checking if cc supports -c -o file.o
configure:6871: cc -c -g  -O0  -o out/conftest2.o conftest.c >&5
configure:6875: $? = 0
configure:6897: result: yes
configure:6923: checking whether the cc linker (/usr/bin/ld) supports shared libraries
configure:7851: result: yes
configure:7872: checking whether -lc should be explicitly linked in
configure:7877: cc -c -g  -O0  conftest.c >&5
configure:7880: $? = 0
configure:7895: cc -shared conftest.o  -v -Wl,-soname -Wl,conftest -o conftest 2\>\&1 \| grep  -lc  \>/dev/null 2\>\&1
configure:7898: $? = 0
configure:7910: result: no
configure:7918: checking dynamic linker characteristics
configure:8516: result: GNU/Linux ld.so
configure:8540: checking how to hardcode library paths into programs
configure:8565: result: immediate
configure:8579: checking whether stripping libraries is possible
configure:8584: result: yes
configure:9101: checking if libtool supports shared libraries
configure:9103: result: yes
configure:9106: checking whether to build shared libraries
configure:9127: result: yes
configure:9130: checking whether to build static libraries
configure:9134: result: no
configure:9229: result:
creating libtool
configure:12928: creating ./config.status

## ---------------------- ##
## Running config.status. ##
## ---------------------- ##

This file was extended by config.status, which was
generated by GNU Autoconf 2.69.  Invocation command line was

  CONFIG_FILES    = 
  CONFIG_HEADERS  = 
  CONFIG_LINKS    = 
  CONFIG_COMMANDS = 
  $ ./config.status 

on chopstick

config.status:676: creating config.h
config.status:766: config.h is unchanged

## ---------------- ##
## Cache variables. ##
## ---------------- ##

ac_cv_build=i686-pc-linux-gnu
ac_cv_c_compiler_gnu=yes
ac_cv_env_CC_set=
ac_cv_env_CC_value=
ac_cv_env_CFLAGS_set=
ac_cv_env_CFLAGS_value=
ac_cv_env_CPPFLAGS_set=
ac_cv_env_CPPFLAGS_value=
ac_cv_env_CPP_set=
ac_cv_env_CPP_value=
ac_cv_env_LDFLAGS_set=
ac_cv_env_LDFLAGS_value=
ac_cv_env_LIBS_set=
ac_cv_env_LIBS_value=
ac_cv_env_build_alias_set=
ac_cv_env_build_alias_value=
ac_cv_env_host_alias_set=
ac_cv_env_host_alias_value=
ac_cv_env_target_alias_set=
ac_cv_env_target_alias_value=
ac_cv_header_dlfcn_h=yes
ac_cv_header_inttypes_h=yes
ac_cv_header_memory_h=yes
ac_cv_header_stdc=yes
ac_cv_header_stdint_h=yes
ac_cv_header_stdlib_h=yes
ac_cv_header_string_h=yes
ac_cv_header_strings_h=yes
ac_cv_header_sys_stat_h=yes
ac_cv_header_sys_types_h=yes
ac_cv_header_unistd_h=yes
ac_cv_host=i686-pc-linux-gnu
ac_cv_objext=o
ac_cv_path_EGREP='/bin/grep -E'
ac_cv_path_GREP=/bin/grep
ac_cv_prog_AWK=nawk
ac_cv_prog_CPP='cc -E'
ac_cv_prog_ac_ct_AR=ar
ac_cv_prog_ac_ct_CC=cc
ac_cv_prog_ac_ct_RANLIB=ranlib
ac_cv_prog_ac_ct_STRIP=strip
ac_cv_prog_cc_c89=
ac_cv_prog_cc_cc_c_o=yes
ac_cv_prog_cc_g=yes
ac_cv_target=i686-pc-linux-gnu
lt_cv_deplibs_check_method=pass_all
lt_cv_file_magic_cmd='$MAGIC_CMD'
lt_cv_file_magic_test_file=
lt_cv_ld_reload_flag=-r
lt_cv_objdir=.libs
lt_cv_path_LD=/usr/bin/ld
lt_cv_path_NM='/usr/bin/nm -B'
lt_cv_path_SED=/bin/sed
lt_cv_prog_compiler_c_o=yes
lt_cv_prog_compiler_pic_works=yes
lt_cv_prog_compiler_rtti_exceptions=no
lt_cv_prog_compiler_static_works=yes
lt_cv_prog_gnu_ld=yes
lt_cv_sys_global_symbol_pipe='sed -n -e '\''s/^.*[ 	]\([ABCDGIRSTW][ABCDGIRSTW]*\)[ 	][ 	]*\([_A-Za-z][_A-Za-z0-9]*\)$/\1 \2 \2/p'\'''
lt_cv_sys_global_symbol_to_c_name_address='sed -n -e '\''s/^: \([^ ]*\) $/  {\"\1\", (lt_ptr) 0},/p'\'' -e '\''s/^[BCDEGRST] \([^ ]*\) \([^ ]*\)$/  {"\2", (lt_ptr) \&\2},/p'\'''
lt_cv_sys_global_symbol_to_cdecl='sed -n -e '\''s/^. .* \(.*\)$/extern int \1;/p'\'''
lt_cv_sys_lib_dlsearch_path_spec='/lib /usr/lib /lib/i386-linux-gnu /usr/lib/i386-linux-gnu /lib/i586-linux-gnu /usr/lib/i586-linux-gnu /usr/local/lib '
lt_cv_sys_lib_search_path_spec='/usr/lib/gcc/i586-linux-gnu/4.9 /usr/lib/i386-linux-gnu /usr/lib /lib/i386-linux-gnu /lib'
lt_cv_sys_max_cmd_len=1572864
lt_lt_cv_prog_compiler_c_o='"yes"'
lt_lt_cv_sys_global_symbol_pipe='"sed -n -e '\''s/^.*[ 	]\\([ABCDGIRSTW][ABCDGIRSTW]*\\)[ 	][ 	]*\\([_A-Za-z][_A-Za-z0-9]*\\)\$/\\1 \\2 \\2/p'\''"'
lt_lt_cv_sys_global_symbol_to_c_name_address='"sed -n -e '\''s/^: \\([^ ]*\\) \$/  {\\\"\\1\\\", (lt_ptr) 0},/p'\'' -e '\''s/^[BCDEGRST] \\([^ ]*\\) \\([^ ]*\\)\$/  {\"\\2\", (lt_ptr) \\&\\2},/p'\''"'
lt_lt_cv_sys_global_symbol_to_cdecl='"sed -n -e '\''s/^. .* \\(.*\\)\$/extern int \\1;/p'\''"'
php_cv_cc_dashr=no
php_cv_cc_rpath=yes

## ----------------- ##
## Output variables. ##
## ----------------- ##

AR='ar'
AWK='nawk'
CC='cc'
CFLAGS='-g  -O0'
CONFIGURE_COMMAND=' '\''./configure'\''  '\''--enable-taglib'\'''
CONFIGURE_OPTIONS=' '\''--enable-taglib'\'''
CPP='cc -E'
CPPFLAGS=' -DHAVE_CONFIG_H'
DEFS='-DHAVE_CONFIG_H'
DSYMUTIL=''
ECHO='echo'
ECHO_C=''
ECHO_N='-n'
ECHO_T=''
EGREP='/bin/grep -E'
EXEEXT=''
GREP='/bin/grep'
LDFLAGS=''
LIBOBJS=''
LIBS=''
LIBTOOL='$(SHELL) $(top_builddir)/libtool'
LN_S='ln -s'
LTLIBOBJS=''
NMEDIT=''
OBJEXT='o'
PACKAGE_BUGREPORT=''
PACKAGE_NAME=''
PACKAGE_STRING=''
PACKAGE_TARNAME=''
PACKAGE_URL=''
PACKAGE_VERSION=''
PATH_SEPARATOR=':'
RANLIB='ranlib'
RE2C='exit 0;'
SED='/bin/sed'
SHELL='/bin/bash'
SHLIB_DL_SUFFIX_NAME='so'
SHLIB_SUFFIX_NAME='so'
STRIP='strip'
ac_ct_CC='cc'
bindir='${exec_prefix}/bin'
build='i686-pc-linux-gnu'
build_alias=''
build_cpu='i686'
build_os='linux-gnu'
build_vendor='pc'
datadir='${datarootdir}'
datarootdir='${prefix}/share'
docdir='${datarootdir}/doc/${PACKAGE}'
dvidir='${docdir}'
exec_prefix='$(prefix)'
host='i686-pc-linux-gnu'
host_alias='i686-pc-linux-gnu'
host_cpu='i686'
host_os='linux-gnu'
host_vendor='pc'
htmldir='${docdir}'
includedir='${prefix}/include'
infodir='${datarootdir}/info'
libdir='${exec_prefix}/lib'
libexecdir='${exec_prefix}/libexec'
localedir='${datarootdir}/locale'
localstatedir='${prefix}/var'
mandir='${datarootdir}/man'
oldincludedir='/usr/include'
pdfdir='${docdir}'
prefix='/usr/local'
program_transform_name='s,x,x,'
psdir='${docdir}'
sbindir='${exec_prefix}/sbin'
sharedstatedir='${prefix}/com'
sysconfdir='${prefix}/etc'
target='i686-pc-linux-gnu'
target_alias=''
target_cpu='i686'
target_os='linux-gnu'
target_vendor='pc'

## ----------- ##
## confdefs.h. ##
## ----------- ##

/* confdefs.h */
#define PACKAGE_NAME ""
#define PACKAGE_TARNAME ""
#define PACKAGE_VERSION ""
#define PACKAGE_STRING ""
#define PACKAGE_BUGREPORT ""
#define PACKAGE_URL ""
#define COMPILE_DL_TAGLIB 1
#define STDC_HEADERS 1
#define HAVE_SYS_TYPES_H 1
#define HAVE_SYS_STAT_H 1
#define HAVE_STDLIB_H 1
#define HAVE_STRING_H 1
#define HAVE_MEMORY_H 1
#define HAVE_STRINGS_H 1
#define HAVE_INTTYPES_H 1
#define HAVE_STDINT_H 1
#define HAVE_UNISTD_H 1
#define HAVE_DLFCN_H 1

configure: exit 0
